time=2024-07-16T13:06:20.234+05:00 level=ERROR msg="error deleting categories: pq: invalid input syntax for type uuid: \"\""
time=2024-07-16T13:09:44.292+05:00 level=ERROR msg="error deleting categories: pq: invalid input syntax for type uuid: \"\""
time=2024-07-16T13:10:38.497+05:00 level=ERROR msg="error deleting categories: pq: invalid input syntax for type uuid: \"\""
time=2024-07-16T13:10:45.587+05:00 level=ERROR msg="error deleting categories: pq: invalid input syntax for type uuid: \"\""
time=2024-07-16T13:13:01.493+05:00 level=ERROR msg="error deleting categories: pq: invalid input syntax for type uuid: \"\""
time=2024-07-16T13:38:24.952+05:00 level=ERROR msg="Error adding products: pq: INSERT has more target columns than expressions"
time=2024-07-16T13:44:38.430+05:00 level=ERROR msg="error adding product rating: pq: numeric field overflow"
time=2024-07-16T13:47:14.321+05:00 level=ERROR msg="error adding product rating: pq: numeric field overflow"
time=2024-07-16T13:56:35.197+05:00 level=ERROR msg="error adding product rating: pq: numeric field overflow"
time=2024-07-16T13:59:12.418+05:00 level=ERROR msg="error adding product rating: pq: numeric field overflow"
time=2024-07-16T14:00:12.831+05:00 level=ERROR msg="error adding product rating: pq: numeric field overflow"
time=2024-07-16T14:02:22.633+05:00 level=ERROR msg="error adding product rating: pq: numeric field overflow"
time=2024-07-16T14:02:45.820+05:00 level=ERROR msg="error adding product rating: pq: numeric field overflow"
time=2024-07-16T14:03:33.809+05:00 level=ERROR msg="error adding product rating: pq: numeric field overflow"
time=2024-07-16T14:04:36.440+05:00 level=ERROR msg="error adding product rating: pq: numeric field overflow"
time=2024-07-16T14:04:40.380+05:00 level=ERROR msg="error adding product rating: pq: numeric field overflow"
time=2024-07-16T14:05:39.825+05:00 level=ERROR msg="error adding product rating: pq: numeric field overflow"
time=2024-07-16T14:05:44.355+05:00 level=ERROR msg="error adding product rating: pq: numeric field overflow"
time=2024-07-16T14:05:44.528+05:00 level=ERROR msg="error adding product rating: pq: numeric field overflow"
time=2024-07-16T14:05:44.695+05:00 level=ERROR msg="error adding product rating: pq: numeric field overflow"
time=2024-07-16T14:15:29.944+05:00 level=ERROR msg="error adding product rating: pq: numeric field overflow"
time=2024-07-16T14:17:14.180+05:00 level=ERROR msg="The reference on the id you specified has been deleted: pq: invalid input syntax for type uuid: \"\""
time=2024-07-16T14:30:47.644+05:00 level=ERROR msg="The reference on the id you specified has been deleted: pq: invalid input syntax for type uuid: \"{productId}\""
time=2024-07-16T14:37:41.546+05:00 level=ERROR msg="The reference on the id you specified has been deleted: pq: invalid input syntax for type uuid: \"{productId}\""
time=2024-07-16T15:06:07.651+05:00 level=ERROR msg="The reference on the id you specified has been deleted: pq: invalid input syntax for type uuid: \"{productId}\""
time=2024-07-16T15:09:35.450+05:00 level=ERROR msg="error in receiving products: pq: invalid input syntax for type uuid: \"\""
time=2024-07-16T15:32:56.399+05:00 level=ERROR msg="product search error: pq: could not determine data type of parameter $1"
time=2024-07-16T15:37:19.866+05:00 level=ERROR msg="product search error: pq: could not determine data type of parameter $1"
time=2024-07-16T16:09:33.574+05:00 level=ERROR msg="product search error: pq: could not determine data type of parameter $1"
time=2024-07-16T16:09:56.730+05:00 level=ERROR msg="product search error: pq: could not determine data type of parameter $1"
time=2024-07-16T16:33:28.895+05:00 level=ERROR msg="error updating products: pq: invalid input syntax for type integer: \"\""
time=2024-07-16T16:36:41.382+05:00 level=ERROR msg="error updating products: pq: invalid input syntax for type integer: \"\""
time=2024-07-16T16:36:43.584+05:00 level=ERROR msg="error updating products: pq: invalid input syntax for type integer: \"\""
time=2024-07-16T16:36:44.080+05:00 level=ERROR msg="error updating products: pq: invalid input syntax for type integer: \"\""
time=2024-07-16T16:36:44.265+05:00 level=ERROR msg="error updating products: pq: invalid input syntax for type integer: \"\""
time=2024-07-16T16:36:44.544+05:00 level=ERROR msg="error updating products: pq: invalid input syntax for type integer: \"\""
time=2024-07-16T16:36:44.730+05:00 level=ERROR msg="error updating products: pq: invalid input syntax for type integer: \"\""
time=2024-07-16T16:36:45.044+05:00 level=ERROR msg="error updating products: pq: invalid input syntax for type integer: \"\""
time=2024-07-16T16:36:45.246+05:00 level=ERROR msg="error updating products: pq: invalid input syntax for type integer: \"\""
time=2024-07-16T16:36:45.414+05:00 level=ERROR msg="error updating products: pq: invalid input syntax for type integer: \"\""
time=2024-07-16T16:36:45.596+05:00 level=ERROR msg="error updating products: pq: invalid input syntax for type integer: \"\""
time=2024-07-16T16:36:45.741+05:00 level=ERROR msg="error updating products: pq: invalid input syntax for type integer: \"\""
time=2024-07-16T16:36:45.924+05:00 level=ERROR msg="error updating products: pq: invalid input syntax for type integer: \"\""
time=2024-07-16T16:36:47.756+05:00 level=ERROR msg="error updating products: pq: invalid input syntax for type integer: \"\""
time=2024-07-16T16:36:47.949+05:00 level=ERROR msg="error updating products: pq: invalid input syntax for type integer: \"\""
time=2024-07-16T16:36:48.135+05:00 level=ERROR msg="error updating products: pq: invalid input syntax for type integer: \"\""
time=2024-07-16T16:36:48.299+05:00 level=ERROR msg="error updating products: pq: invalid input syntax for type integer: \"\""
time=2024-07-16T16:36:48.452+05:00 level=ERROR msg="error updating products: pq: invalid input syntax for type integer: \"\""
time=2024-07-16T16:36:48.606+05:00 level=ERROR msg="error updating products: pq: invalid input syntax for type integer: \"\""
time=2024-07-16T16:36:48.787+05:00 level=ERROR msg="error updating products: pq: invalid input syntax for type integer: \"\""
time=2024-07-16T16:36:48.960+05:00 level=ERROR msg="error updating products: pq: invalid input syntax for type integer: \"\""
time=2024-07-16T16:36:49.130+05:00 level=ERROR msg="error updating products: pq: invalid input syntax for type integer: \"\""
time=2024-07-16T16:36:49.297+05:00 level=ERROR msg="error updating products: pq: invalid input syntax for type integer: \"\""
time=2024-07-16T16:36:49.449+05:00 level=ERROR msg="error updating products: pq: invalid input syntax for type integer: \"\""
time=2024-07-16T16:36:49.639+05:00 level=ERROR msg="error updating products: pq: invalid input syntax for type integer: \"\""
time=2024-07-16T16:36:49.956+05:00 level=ERROR msg="error updating products: pq: invalid input syntax for type integer: \"\""
time=2024-07-16T16:36:50.130+05:00 level=ERROR msg="error updating products: pq: invalid input syntax for type integer: \"\""
time=2024-07-16T16:36:50.312+05:00 level=ERROR msg="error updating products: pq: invalid input syntax for type integer: \"\""
time=2024-07-16T16:38:12.644+05:00 level=ERROR msg="error updating products: pq: invalid input syntax for type integer: \"\""
time=2024-07-16T16:40:14.673+05:00 level=ERROR msg="error updating products: pq: invalid input syntax for type integer: \"\""
time=2024-07-16T16:42:40.072+05:00 level=ERROR msg="error updating products: pq: invalid input syntax for type integer: \"\""
time=2024-07-16T16:43:34.029+05:00 level=ERROR msg="error updating products: pq: COALESCE types text and uuid cannot be matched"
time=2024-07-16T16:43:35.848+05:00 level=ERROR msg="error updating products: pq: COALESCE types text and uuid cannot be matched"
time=2024-07-16T16:43:36.586+05:00 level=ERROR msg="error updating products: pq: COALESCE types text and uuid cannot be matched"
time=2024-07-16T16:43:36.747+05:00 level=ERROR msg="error updating products: pq: COALESCE types text and uuid cannot be matched"
time=2024-07-16T16:43:37.064+05:00 level=ERROR msg="error updating products: pq: COALESCE types text and uuid cannot be matched"
time=2024-07-16T16:43:37.238+05:00 level=ERROR msg="error updating products: pq: COALESCE types text and uuid cannot be matched"
time=2024-07-16T16:43:37.424+05:00 level=ERROR msg="error updating products: pq: COALESCE types text and uuid cannot be matched"
time=2024-07-16T16:43:37.553+05:00 level=ERROR msg="error updating products: pq: COALESCE types text and uuid cannot be matched"
time=2024-07-16T16:43:37.876+05:00 level=ERROR msg="error updating products: pq: COALESCE types text and uuid cannot be matched"
time=2024-07-16T16:43:38.037+05:00 level=ERROR msg="error updating products: pq: COALESCE types text and uuid cannot be matched"
time=2024-07-16T16:47:03.080+05:00 level=ERROR msg="error updating products: pq: COALESCE types text and uuid cannot be matched"
time=2024-07-16T16:56:16.092+05:00 level=ERROR msg="Error managing product categories: pq: column reference \"id\" is ambiguous"
time=2024-07-16T16:58:20.375+05:00 level=ERROR msg="Error managing product categories: pq: column reference \"id\" is ambiguous"
time=2024-07-16T17:00:49.860+05:00 level=ERROR msg="Error managing product categories: pq: column reference \"id\" is ambiguous"
time=2024-07-16T17:03:40.042+05:00 level=ERROR msg="Error managing product categories: pq: column reference \"id\" is ambiguous"
time=2024-07-16T17:07:36.432+05:00 level=ERROR msg="Error managing product categories: pq: got 8 parameters but the statement requires 1"
time=2024-07-16T17:10:53.637+05:00 level=ERROR msg="Error managing product categories: sql: no rows in result set"
time=2024-07-16T17:12:46.499+05:00 level=ERROR msg="Error managing product categories: sql: no rows in result set"
time=2024-07-17T05:43:09.280+05:00 level=ERROR msg="No such user id: <nil>"
time=2024-07-17T05:59:23.384+05:00 level=ERROR msg="Error adding products: pq: numeric field overflow"
time=2024-07-17T06:23:50.492+05:00 level=ERROR msg="error in receiving products: pq: invalid input syntax for type uuid: \"\""
time=2024-07-17T06:24:33.947+05:00 level=ERROR msg="error in receiving products: pq: invalid input syntax for type uuid: \"\""
time=2024-07-17T06:25:51.993+05:00 level=ERROR msg="error in receiving products: pq: invalid input syntax for type uuid: \"\""
time=2024-07-17T06:27:00.496+05:00 level=ERROR msg="error in receiving products: pq: invalid input syntax for type uuid: \"{id}\""
time=2024-07-17T06:27:55.820+05:00 level=ERROR msg="error in receiving products: sql: Scan error on column index 5, name \"artisan_id\": destination not a pointer"
time=2024-07-17T06:33:43.215+05:00 level=ERROR msg="error in getting the list of product ratings: failed to query product ratings: pq: invalid input syntax for type uuid: \"\""
time=2024-07-17T07:49:55.274+05:00 level=ERROR msg="ordering error: pq: insert or update on table \"order_items\" violates foreign key constraint \"order_items_product_id_fkey\""
time=2024-07-17T07:50:11.520+05:00 level=ERROR msg="ordering error: pq: insert or update on table \"order_items\" violates foreign key constraint \"order_items_product_id_fkey\""
time=2024-07-17T07:50:22.252+05:00 level=ERROR msg="ordering error: pq: insert or update on table \"order_items\" violates foreign key constraint \"order_items_product_id_fkey\""
time=2024-07-17T07:50:22.897+05:00 level=ERROR msg="ordering error: pq: insert or update on table \"order_items\" violates foreign key constraint \"order_items_product_id_fkey\""
time=2024-07-17T07:50:23.351+05:00 level=ERROR msg="ordering error: pq: insert or update on table \"order_items\" violates foreign key constraint \"order_items_product_id_fkey\""
time=2024-07-17T07:52:12.993+05:00 level=ERROR msg="ordering error: pq: insert or update on table \"order_items\" violates foreign key constraint \"order_items_product_id_fkey\""
time=2024-07-17T07:56:32.852+05:00 level=ERROR msg="ordering error: pq: insert or update on table \"order_items\" violates foreign key constraint \"order_items_product_id_fkey\""
time=2024-07-17T08:46:05.402+05:00 level=ERROR msg="No such user id: rpc error: code = Unavailable desc = connection error: desc = \"transport: Error while dialing: dial tcp [::1]:50051: connectex: No connection could be made because the target machine actively refused it.\""
time=2024-07-17T08:46:08.776+05:00 level=ERROR msg="No such user id: rpc error: code = Unavailable desc = connection error: desc = \"transport: Error while dialing: dial tcp [::1]:50051: connectex: No connection could be made because the target machine actively refused it.\""
time=2024-07-17T08:47:29.122+05:00 level=ERROR msg="No such user id: rpc error: code = Unavailable desc = connection error: desc = \"transport: Error while dialing: dial tcp [::1]:50051: connectex: No connection could be made because the target machine actively refused it.\""
time=2024-07-17T09:39:40.036+05:00 level=ERROR msg="No such user id: rpc error: code = Unavailable desc = connection error: desc = \"transport: Error while dialing: dial tcp [::1]:50051: connectex: No connection could be made because the target machine actively refused it.\""
time=2024-07-17T09:40:17.803+05:00 level=ERROR msg="No such user id: rpc error: code = Unavailable desc = connection error: desc = \"transport: Error while dialing: dial tcp [::1]:50051: connectex: No connection could be made because the target machine actively refused it.\""
time=2024-07-17T09:41:27.902+05:00 level=ERROR msg="No such user id: rpc error: code = Unavailable desc = connection error: desc = \"transport: Error while dialing: dial tcp [::1]:50051: connectex: No connection could be made because the target machine actively refused it.\""
time=2024-07-17T09:41:41.863+05:00 level=ERROR msg="No such user id: rpc error: code = Unavailable desc = connection error: desc = \"transport: Error while dialing: dial tcp [::1]:50051: connectex: No connection could be made because the target machine actively refused it.\""
time=2024-07-17T09:44:40.170+05:00 level=ERROR msg="No such user id: rpc error: code = Unavailable desc = connection error: desc = \"transport: Error while dialing: dial tcp [::1]:50051: connectex: No connection could be made because the target machine actively refused it.\""
time=2024-07-17T10:37:01.380+05:00 level=ERROR msg="No such user id: rpc error: code = Unavailable desc = connection error: desc = \"transport: Error while dialing: dial tcp [::1]:50051: connectex: No connection could be made because the target machine actively refused it.\""
time=2024-07-17T10:37:16.007+05:00 level=ERROR msg="error updating categories: pq: invalid input syntax for type uuid: \"culpa\""
time=2024-07-17T10:37:36.101+05:00 level=ERROR msg="error updating categories: pq: invalid input syntax for type uuid: \"\""
time=2024-07-17T10:44:50.477+05:00 level=ERROR msg="No such user id: rpc error: code = Unavailable desc = connection error: desc = \"transport: Error while dialing: dial tcp [::1]:50051: connectex: No connection could be made because the target machine actively refused it.\""
time=2024-07-17T10:44:52.533+05:00 level=ERROR msg="No such user id: rpc error: code = Unavailable desc = connection error: desc = \"transport: Error while dialing: dial tcp [::1]:50051: connectex: No connection could be made because the target machine actively refused it.\""
time=2024-07-17T10:44:52.996+05:00 level=ERROR msg="No such user id: rpc error: code = Unavailable desc = connection error: desc = \"transport: Error while dialing: dial tcp [::1]:50051: connectex: No connection could be made because the target machine actively refused it.\""
time=2024-07-17T10:44:53.377+05:00 level=ERROR msg="No such user id: rpc error: code = Unavailable desc = connection error: desc = \"transport: Error while dialing: dial tcp [::1]:50051: connectex: No connection could be made because the target machine actively refused it.\""
time=2024-07-17T10:44:53.762+05:00 level=ERROR msg="No such user id: rpc error: code = Unavailable desc = connection error: desc = \"transport: Error while dialing: dial tcp [::1]:50051: connectex: No connection could be made because the target machine actively refused it.\""
time=2024-07-17T10:44:54.178+05:00 level=ERROR msg="No such user id: rpc error: code = Unavailable desc = connection error: desc = \"transport: Error while dialing: dial tcp [::1]:50051: connectex: No connection could be made because the target machine actively refused it.\""
time=2024-07-17T10:44:54.737+05:00 level=ERROR msg="No such user id: rpc error: code = Unavailable desc = connection error: desc = \"transport: Error while dialing: dial tcp [::1]:50051: connectex: No connection could be made because the target machine actively refused it.\""
time=2024-07-17T10:44:54.985+05:00 level=ERROR msg="No such user id: rpc error: code = Unavailable desc = connection error: desc = \"transport: Error while dialing: dial tcp [::1]:50051: connectex: No connection could be made because the target machine actively refused it.\""
time=2024-07-17T10:44:55.373+05:00 level=ERROR msg="No such user id: rpc error: code = Unavailable desc = connection error: desc = \"transport: Error while dialing: dial tcp [::1]:50051: connectex: No connection could be made because the target machine actively refused it.\""
time=2024-07-17T10:44:55.721+05:00 level=ERROR msg="No such user id: rpc error: code = Unavailable desc = connection error: desc = \"transport: Error while dialing: dial tcp [::1]:50051: connectex: No connection could be made because the target machine actively refused it.\""
time=2024-07-17T10:44:56.064+05:00 level=ERROR msg="No such user id: rpc error: code = Unavailable desc = connection error: desc = \"transport: Error while dialing: dial tcp [::1]:50051: connectex: No connection could be made because the target machine actively refused it.\""
time=2024-07-17T11:49:29.904+05:00 level=ERROR msg="No such user id: rpc error: code = Unavailable desc = connection error: desc = \"transport: Error while dialing: dial tcp [::1]:50051: connectex: No connection could be made because the target machine actively refused it.\""
time=2024-07-17T11:50:54.115+05:00 level=ERROR msg="No such user id: rpc error: code = Unavailable desc = connection error: desc = \"transport: Error while dialing: dial tcp [::1]:50051: connectex: No connection could be made because the target machine actively refused it.\""
time=2024-07-17T12:07:09.473+05:00 level=ERROR msg="No such user id: rpc error: code = Unavailable desc = connection error: desc = \"transport: Error while dialing: dial tcp [::1]:50051: connectex: No connection could be made because the target machine actively refused it.\""
time=2024-07-17T12:10:20.016+05:00 level=ERROR msg="error updating order status: pq: invalid input syntax for type uuid: \"\""
time=2024-07-17T12:14:20.191+05:00 level=ERROR msg="error updating order status: pq: invalid input syntax for type uuid: \"\""
time=2024-07-17T12:14:25.604+05:00 level=ERROR msg="error updating order status: pq: invalid input syntax for type uuid: \"\""
time=2024-07-17T12:16:53.111+05:00 level=ERROR msg="error updating order status: pq: invalid input syntax for type uuid: \"\""
time=2024-07-17T12:52:54.891+05:00 level=ERROR msg="error when paying for the order: pq: syntax error at or near \"where\""
time=2024-07-17T12:56:30.034+05:00 level=ERROR msg="error when paying for the order: pq: INSERT has more target columns than expressions"
time=2024-07-17T12:56:32.802+05:00 level=ERROR msg="error when paying for the order: pq: INSERT has more target columns than expressions"
time=2024-07-17T12:58:26.917+05:00 level=ERROR msg="error when paying for the order: pq: INSERT has more target columns than expressions"
time=2024-07-17T13:07:01.556+05:00 level=ERROR msg="error when paying for the order: pq: value too long for type character varying(7)"
time=2024-07-17T13:08:02.915+05:00 level=ERROR msg="error when paying for the order: pq: value too long for type character varying(7)"
time=2024-07-17T13:10:49.210+05:00 level=ERROR msg="error when paying for the order: pq: value too long for type character varying(7)"
time=2024-07-17T13:12:14.326+05:00 level=ERROR msg="error when paying for the order: pq: value too long for type character varying(7)"
time=2024-07-17T13:18:51.779+05:00 level=ERROR msg="error when paying for the order: Sizning karta raqamingiz 16 ta raqam emas?"
time=2024-07-17T13:19:40.556+05:00 level=ERROR msg="error when paying for the order: Sizning karta raqamingiz 16 ta raqam emas?"
time=2024-07-17T13:20:26.594+05:00 level=ERROR msg="error when paying for the order: Sizning karta raqamingiz 16 ta raqam emas?"
time=2024-07-17T13:21:05.043+05:00 level=ERROR msg="order cancellation: pq: invalid input syntax for type uuid: \"\""
time=2024-07-17T13:26:10.617+05:00 level=ERROR msg="Error checking payment status: pq: invalid input syntax for type uuid: \"\""
time=2024-07-17T13:28:57.421+05:00 level=ERROR msg="Error checking payment status: no payment found for order_id 8ba1f464-239f-4d10-8c49-e010eba5fd14"
time=2024-07-17T13:33:02.803+05:00 level=ERROR msg="error when paying for the order: Sizning karta raqamingiz 16 ta raqam emas?"
time=2024-07-17T13:33:18.268+05:00 level=ERROR msg="error when paying for the order: Sizning karta raqamingiz 16 ta raqam emas?"
time=2024-07-17T13:33:47.873+05:00 level=ERROR msg="error when paying for the order: Sizning karta raqamingiz 16 ta raqam emas?"
time=2024-07-17T13:34:26.891+05:00 level=ERROR msg="error when paying for the order: Sizning karta raqamingiz 16 ta raqam emas?"
time=2024-07-17T13:35:22.519+05:00 level=ERROR msg="error when paying for the order: sizning karta raqamingiz 16 ta raqam emas?"
time=2024-07-17T13:35:49.030+05:00 level=ERROR msg="error when paying for the order: sizning karta raqamingiz 16 ta raqam emas?"
time=2024-07-17T13:36:09.523+05:00 level=ERROR msg="error when paying for the order: sizning karta raqamingiz 16 ta raqam emas?"
time=2024-07-17T13:36:21.978+05:00 level=ERROR msg="error when paying for the order: sizning karta raqamingiz 16 ta raqam emas?"
time=2024-07-17T13:36:37.470+05:00 level=ERROR msg="error when paying for the order: sizning karta raqamingiz 16 ta raqam emas?"
time=2024-07-17T13:43:26.669+05:00 level=ERROR msg="Error getting recommendations: pq: syntax error at or near \"selct\""
time=2024-07-17T13:43:45.812+05:00 level=ERROR msg="Error getting recommendations: pq: column reference \"id\" is ambiguous"
time=2024-07-17T14:05:25.664+05:00 level=ERROR msg="Error tracking user activity: sql: no rows in result set"
time=2024-07-17T16:16:04.252+05:00 level=ERROR msg="product search error: pq: invalid input syntax for type uuid: \"\""
time=2024-07-17T16:22:19.898+05:00 level=ERROR msg="No such user id: <nil>"
time=2024-07-17T16:23:29.244+05:00 level=ERROR msg="No such user id: <nil>"
time=2024-07-17T16:39:34.561+05:00 level=ERROR msg="No such user id: <nil>"
time=2024-07-17T16:41:33.313+05:00 level=ERROR msg="No such user id: <nil>"
time=2024-07-17T16:46:16.354+05:00 level=ERROR msg="No such user id: <nil>"
time=2024-07-17T16:48:49.941+05:00 level=ERROR msg="No such user id: <nil>"
time=2024-07-17T16:49:55.064+05:00 level=ERROR msg="No such user id: <nil>"
time=2024-07-17T16:51:05.443+05:00 level=ERROR msg="No such user id: <nil>"
time=2024-07-17T16:53:15.331+05:00 level=ERROR msg="No such user id: <nil>"
time=2024-07-17T16:54:27.026+05:00 level=ERROR msg="No such user id: <nil>"
time=2024-07-17T16:58:21.654+05:00 level=ERROR msg="No such user id: <nil>"
time=2024-07-17T17:02:13.150+05:00 level=ERROR msg="No such user id: <nil>"
time=2024-07-17T17:14:49.529+05:00 level=ERROR msg="No such user id: <nil>"
time=2024-07-17T17:15:03.865+05:00 level=ERROR msg="Error tracking user activity: sql: no rows in result set"
time=2024-07-17T17:17:47.766+05:00 level=ERROR msg="Error checking payment status: no payment found for order_id d8886836-36f0-41dd-b4b4-fb781895a048"
time=2024-07-17T17:20:13.053+05:00 level=ERROR msg="Error checking payment status: no payment found for order_id d8886836-36f0-41dd-b4b4-fb781895a048"
time=2024-07-17T17:22:16.712+05:00 level=ERROR msg="Error checking payment status: no payment found for order_id d8886836-36f0-41dd-b4b4-fb781895a048"
time=2024-07-17T17:22:41.283+05:00 level=ERROR msg="error in receiving the order: failed to get order from database: pq: invalid input syntax for type uuid: \"\""
time=2024-07-17T18:38:13.846+05:00 level=ERROR msg="error in receiving the order: failed to get order from database: pq: invalid input syntax for type uuid: \"{orderId}\""
time=2024-07-17T18:46:22.252+05:00 level=ERROR msg="error when paying for the order: sizning karta raqamingiz 16 ta raqam emas?"
